Using pre-set license
Built from '2020.3/staging' branch; Version is '2020.3.16f1 (049d6eca3c44) revision 302446'; Using compiler version '192528614'; Build Type 'Release'
OS: 'Windows 10 Enterprise; OS build 19042.1288; Version 2009; 64bit' Language: 'en' Physical Memory: 16212 MB
BatchMode: 1, IsHumanControllingUs: 0, StartBugReporterOnCrash: 0, Is64bit: 1, IsPro: 0

 COMMAND LINE ARGUMENTS:
C:\Program Files\Unity\Hub\Editor\2020.3.16f1\Editor\Unity.exe
-adb2
-batchMode
-noUpm
-name
AssetImportWorker0
-projectPath
C:/Users/nfeathers/Desktop/GameDev/Tetris
-logFile
Logs/AssetImportWorker0.log
-srvPort
55608
Successfully changed project path to: C:/Users/nfeathers/Desktop/GameDev/Tetris
C:/Users/nfeathers/Desktop/GameDev/Tetris
Using Asset Import Pipeline V2.
Refreshing native plugins compatible for Editor in 61.57 ms, found 2 plugins.
Preloading 0 native plugins for Editor in 0.00 ms.
Initialize engine version: 2020.3.16f1 (049d6eca3c44)
[Subsystems] Discovering subsystems at path C:/Program Files/Unity/Hub/Editor/2020.3.16f1/Editor/Data/Resources/UnitySubsystems
[Subsystems] Discovering subsystems at path C:/Users/nfeathers/Desktop/GameDev/Tetris/Assets
GfxDevice: creating device client; threaded=0
Direct3D:
    Version:  Direct3D 11.0 [level 11.1]
    Renderer: Intel(R) UHD Graphics 620 (ID=0x5917)
    Vendor:   
    VRAM:     8106 MB
    Driver:   27.20.100.8681
Initialize mono
Mono path[0] = 'C:/Program Files/Unity/Hub/Editor/2020.3.16f1/Editor/Data/Managed'
Mono path[1] = 'C:/Program Files/Unity/Hub/Editor/2020.3.16f1/Editor/Data/MonoBleedingEdge/lib/mono/unityjit'
Mono config path = 'C:/Program Files/Unity/Hub/Editor/2020.3.16f1/Editor/Data/MonoBleedingEdge/etc'
Using monoOptions --debugger-agent=transport=dt_socket,embedding=1,server=y,suspend=n,address=127.0.0.1:56564
Begin MonoManager ReloadAssembly
Registering precompiled unity dll's ...
Register platform support module: C:/Program Files/Unity/Hub/Editor/2020.3.16f1/Editor/Data/PlaybackEngines/WebGLSupport/UnityEditor.WebGL.Extensions.dll
Register platform support module: C:/Program Files/Unity/Hub/Editor/2020.3.16f1/Editor/Data/PlaybackEngines/WindowsStandaloneSupport/UnityEditor.WindowsStandalone.Extensions.dll
Registered in 0.003638 seconds.
Native extension for WindowsStandalone target not found
Native extension for WebGL target not found
Refreshing native plugins compatible for Editor in 35.41 ms, found 2 plugins.
Preloading 0 native plugins for Editor in 0.00 ms.
Mono: successfully reloaded assembly
- Completed reload, in  2.014 seconds
Domain Reload Profiling:
	ReloadAssembly (2015ms)
		BeginReloadAssembly (75ms)
			ExecutionOrderSort (0ms)
			DisableScriptedObjects (0ms)
			BackupInstance (0ms)
			ReleaseScriptingObjects (0ms)
			CreateAndSetChildDomain (1ms)
		EndReloadAssembly (529ms)
			LoadAssemblies (73ms)
			RebuildTransferFunctionScriptingTraits (0ms)
			SetupTypeCache (188ms)
			ReleaseScriptCaches (0ms)
			RebuildScriptCaches (38ms)
			SetupLoadedEditorAssemblies (179ms)
				LogAssemblyErrors (0ms)
				InitializePlatformSupportModulesInManaged (6ms)
				SetLoadedEditorAssemblies (0ms)
				RefreshPlugins (36ms)
				BeforeProcessingInitializeOnLoad (17ms)
				ProcessInitializeOnLoadAttributes (83ms)
				ProcessInitializeOnLoadMethodAttributes (36ms)
				AfterProcessingInitializeOnLoad (0ms)
				EditorAssembliesLoaded (0ms)
			ExecutionOrderSort2 (0ms)
			AwakeInstancesAfterBackupRestoration (0ms)
Platform modules already initialized, skipping
Registering precompiled user dll's ...
Registered in 0.012593 seconds.
Begin MonoManager ReloadAssembly
Native extension for WindowsStandalone target not found
Native extension for WebGL target not found
Refreshing native plugins compatible for Editor in 0.75 ms, found 2 plugins.
Preloading 0 native plugins for Editor in 0.00 ms.
Mono: successfully reloaded assembly
- Completed reload, in  2.495 seconds
Domain Reload Profiling:
	ReloadAssembly (2497ms)
		BeginReloadAssembly (240ms)
			ExecutionOrderSort (0ms)
			DisableScriptedObjects (8ms)
			BackupInstance (0ms)
			ReleaseScriptingObjects (0ms)
			CreateAndSetChildDomain (26ms)
		EndReloadAssembly (2159ms)
			LoadAssemblies (159ms)
			RebuildTransferFunctionScriptingTraits (0ms)
			SetupTypeCache (595ms)
			ReleaseScriptCaches (1ms)
			RebuildScriptCaches (105ms)
			SetupLoadedEditorAssemblies (995ms)
				LogAssemblyErrors (0ms)
				InitializePlatformSupportModulesInManaged (14ms)
				SetLoadedEditorAssemblies (1ms)
				RefreshPlugins (1ms)
				BeforeProcessingInitializeOnLoad (254ms)
				ProcessInitializeOnLoadAttributes (694ms)
				ProcessInitializeOnLoadMethodAttributes (16ms)
				AfterProcessingInitializeOnLoad (15ms)
				EditorAssembliesLoaded (0ms)
			ExecutionOrderSort2 (0ms)
			AwakeInstancesAfterBackupRestoration (14ms)
Platform modules already initialized, skipping
========================================================================
Worker process is ready to serve import requests
Launched and connected shader compiler UnityShaderCompiler.exe after 0.17 seconds
Refreshing native plugins compatible for Editor in 0.62 ms, found 2 plugins.
Preloading 0 native plugins for Editor in 0.00 ms.
Unloading 1732 Unused Serialized files (Serialized files now loaded: 0)
System memory in use before: 81.6 MB.
System memory in use after: 81.7 MB.

Unloading 22 unused Assets to reduce memory usage. Loaded Objects now: 2169.
Total: 6.511600 ms (FindLiveObjects: 0.426100 ms CreateObjectMapping: 0.165100 ms MarkObjects: 5.787700 ms  DeleteObjects: 0.122500 ms)

AssetImportParameters requested are different than current active one (requested -> active):
  custom:framework-win-MediaFoundation: 216162199b28c13a410421893ffa2e32 -> 
  custom:video-decoder-ogg-theora: a1e56fd34408186e4bbccfd4996cb3dc -> 
  custom:container-muxer-webm: aa71ff27fc2769a1b78a27578f13a17b -> 
  custom:container-demuxer-webm: 4f35f7cbe854078d1ac9338744f61a02 -> 
  custom:container-demuxer-ogg: 62fdf1f143b41e24485cea50d1cbac27 -> 
  custom:video-encoder-webm-vp8: eb34c28f22e8b96e1ab97ce403110664 -> 
  custom:video-decoder-webm-vp8: 9c59270c3fd7afecdb556c50c9e8de78 -> 
  custom:audio-decoder-ogg-vorbis: bf7c407c2cedff20999df2af8eb42d56 -> 
  custom:audio-encoder-webm-vorbis: bf7c407c2cedff20999df2af8eb42d56 -> 
========================================================================
Received Import Request.
  path: Assets/images.png
  artifactKey: Guid(578049e271452424e93d8991d4fdf2ca) Importer(815301076,1909f56bfc062723c751e8b465ee728b)
Start importing Assets/images.png using Guid(578049e271452424e93d8991d4fdf2ca) Importer(815301076,1909f56bfc062723c751e8b465ee728b)  -> (artifact id: 'ce7d1142c44d2a3635b3981da802a360') in 0.407564 seconds 
  Import took 0.415528 seconds .

========================================================================
Received Import Request.
  Time since last request: 0.000704 seconds.
  path: Assets/Blocks.asset
  artifactKey: Guid(67b23104aaab4ac4da51fb3b87d96d0b) Importer(815301076,1909f56bfc062723c751e8b465ee728b)
Start importing Assets/Blocks.asset using Guid(67b23104aaab4ac4da51fb3b87d96d0b) Importer(815301076,1909f56bfc062723c751e8b465ee728b)  -> (artifact id: '7dec4f6bcf1d49f5d9f0d61d0ac2b7b7') in 0.145442 seconds 
  Import took 0.153480 seconds .

========================================================================
Received Import Request.
  Time since last request: 0.000670 seconds.
  path: Assets/Square.png
  artifactKey: Guid(d2cfa377b432e4f4880cea71cea017fa) Importer(815301076,1909f56bfc062723c751e8b465ee728b)
Start importing Assets/Square.png using Guid(d2cfa377b432e4f4880cea71cea017fa) Importer(815301076,1909f56bfc062723c751e8b465ee728b)  -> (artifact id: 'c9eec49dcf8158a8b05d6feb12fca539') in 0.036145 seconds 
  Import took 0.042929 seconds .

========================================================================
Received Import Request.
  Time since last request: 0.000627 seconds.
  path: Assets/Blocks 5.asset
  artifactKey: Guid(638146005a3cc2a4f99aa007d424ecdc) Importer(815301076,1909f56bfc062723c751e8b465ee728b)
Start importing Assets/Blocks 5.asset using Guid(638146005a3cc2a4f99aa007d424ecdc) Importer(815301076,1909f56bfc062723c751e8b465ee728b)  -> (artifact id: '9c95e7daba594da14f0da1435fa917bd') in 0.022379 seconds 
  Import took 0.031337 seconds .

========================================================================
Received Import Request.
  Time since last request: 0.000629 seconds.
  path: Assets/Border.psd
  artifactKey: Guid(059f5480aa5295c4a99a64ff5669c091) Importer(815301076,1909f56bfc062723c751e8b465ee728b)
Start importing Assets/Border.psd using Guid(059f5480aa5295c4a99a64ff5669c091) Importer(815301076,1909f56bfc062723c751e8b465ee728b)  -> (artifact id: '554dae041a96bc149a2bf8134787f07e') in 0.087289 seconds 
  Import took 0.094639 seconds .

========================================================================
Received Import Request.
  Time since last request: 0.000550 seconds.
  path: Assets/Blocks.psd
  artifactKey: Guid(1f1cb670945fe944a94c3340b8968a46) Importer(815301076,1909f56bfc062723c751e8b465ee728b)
Start importing Assets/Blocks.psd using Guid(1f1cb670945fe944a94c3340b8968a46) Importer(815301076,1909f56bfc062723c751e8b465ee728b)  -> (artifact id: '7e266e60d692e92c1067cbd7df47d82e') in 0.029301 seconds 
  Import took 0.036229 seconds .

========================================================================
Received Import Request.
  Time since last request: 0.000555 seconds.
  path: Assets/Blocks 4.asset
  artifactKey: Guid(f18b1ffc7a750254ca5d8b4e234b009b) Importer(815301076,1909f56bfc062723c751e8b465ee728b)
Start importing Assets/Blocks 4.asset using Guid(f18b1ffc7a750254ca5d8b4e234b009b) Importer(815301076,1909f56bfc062723c751e8b465ee728b)  -> (artifact id: '6e2d12013d68cd6e2201476cb463f354') in 0.026431 seconds 
  Import took 0.035990 seconds .

========================================================================
Received Import Request.
  Time since last request: 0.000529 seconds.
  path: Assets/Blocks 2.asset
  artifactKey: Guid(8b56b438f6f74144ea4af44210ba5465) Importer(815301076,1909f56bfc062723c751e8b465ee728b)
Start importing Assets/Blocks 2.asset using Guid(8b56b438f6f74144ea4af44210ba5465) Importer(815301076,1909f56bfc062723c751e8b465ee728b)  -> (artifact id: '0c81361091466df1fd8582dffaab0474') in 0.024259 seconds 
  Import took 0.035382 seconds .

========================================================================
Received Import Request.
  Time since last request: 0.000630 seconds.
  path: Assets/background.prefab
  artifactKey: Guid(f8268747b8ea89948bc8a8536072c2ac) Importer(815301076,1909f56bfc062723c751e8b465ee728b)
Start importing Assets/background.prefab using Guid(f8268747b8ea89948bc8a8536072c2ac) Importer(815301076,1909f56bfc062723c751e8b465ee728b)  -> (artifact id: '12bdb7cf0382cf90cba5ede2bea02f5c') in 0.087470 seconds 
  Import took 0.095311 seconds .

========================================================================
Received Import Request.
  Time since last request: 0.000789 seconds.
  path: Assets/Blocks 3.asset
  artifactKey: Guid(fff42b0d30029a444922c26f72472480) Importer(815301076,1909f56bfc062723c751e8b465ee728b)
Start importing Assets/Blocks 3.asset using Guid(fff42b0d30029a444922c26f72472480) Importer(815301076,1909f56bfc062723c751e8b465ee728b)  -> (artifact id: '158cf565b86cedd0abab164b7109918b') in 0.025193 seconds 
  Import took 0.034592 seconds .

========================================================================
Received Import Request.
  Time since last request: 23.678041 seconds.
  path: Assets/Scenes
  artifactKey: Guid(808c69e864d61a742b1e14e8ae426c40) Importer(815301076,1909f56bfc062723c751e8b465ee728b)
Start importing Assets/Scenes using Guid(808c69e864d61a742b1e14e8ae426c40) Importer(815301076,1909f56bfc062723c751e8b465ee728b)  -> (artifact id: 'ad71c964d48b562e4b2dbcb950fae56d') in 0.004200 seconds 
  Import took 0.008157 seconds .

========================================================================
Received Import Request.
  Time since last request: 1.032969 seconds.
  path: Assets/Scenes/SampleScene.unity
  artifactKey: Guid(9fc0d4010bbf28b4594072e72b8655ab) Importer(815301076,1909f56bfc062723c751e8b465ee728b)
Start importing Assets/Scenes/SampleScene.unity using Guid(9fc0d4010bbf28b4594072e72b8655ab) Importer(815301076,1909f56bfc062723c751e8b465ee728b)  -> (artifact id: '8d045656cec5154019cb05e473a518ae') in 0.005622 seconds 
  Import took 0.010536 seconds .

========================================================================
Received Import Request.
  Time since last request: 1617.528872 seconds.
  path: Assets/Scenes/StartMenu.unity
  artifactKey: Guid(bdca9aff7aafa56439adb31c18711d68) Importer(815301076,1909f56bfc062723c751e8b465ee728b)
Start importing Assets/Scenes/StartMenu.unity using Guid(bdca9aff7aafa56439adb31c18711d68) Importer(815301076,1909f56bfc062723c751e8b465ee728b)  -> (artifact id: '2ed03a3ad5b62aa18db2b15ae681dbac') in 0.005916 seconds 
  Import took 0.010272 seconds .

========================================================================
Received Import Request.
  Time since last request: 9.293086 seconds.
  path: Assets/Scenes/EndMenu.unity
  artifactKey: Guid(123d8a606b7aacb488da869ba2f10f4a) Importer(815301076,1909f56bfc062723c751e8b465ee728b)
Start importing Assets/Scenes/EndMenu.unity using Guid(123d8a606b7aacb488da869ba2f10f4a) Importer(815301076,1909f56bfc062723c751e8b465ee728b)  -> (artifact id: '61c1b462544a310aaa11d213b1bc4e2f') in 0.007047 seconds 
  Import took 0.012725 seconds .

